<?xml version="1.0" encoding="UTF-8"?>
<!-- Generated by org.testng.reporters.JUnitReportReporter -->
<testsuite skipped="0" hostname="Sethu-PC" name="testCases.TC001_Login" tests="1" failures="0" timestamp="27 Feb 2018 00:58:46 GMT" time="12.227" errors="0">
  <testcase name="login" time="12.227" classname="testCases.TC001_Login"/>
</testsuite> <!-- testCases.TC001_Login -->
