<?xml version="1.0" encoding="UTF-8"?>
<!-- Generated by org.testng.reporters.JUnitReportReporter -->
<testsuite skipped="0" hostname="Sethu-PC" name="testCases.TC002Login" tests="1" failures="0" timestamp="27 Feb 2018 05:21:45 GMT" time="9.698" errors="0">
  <testcase name="doLogin" time="9.698" classname="testCases.TC002Login"/>
</testsuite> <!-- testCases.TC002Login -->
