<?xml version="1.0" encoding="UTF-8"?>
<!-- Generated by org.testng.reporters.JUnitReportReporter -->
<testsuite skipped="0" hostname="dell-PC" name="testCases.CLeadTC_001" tests="2" failures="0" timestamp="27 Feb 2018 06:53:35 GMT" time="39.448" errors="0">
  <testcase name="doCreateLead" time="20.056" classname="testCases.CLeadTC_001"/>
  <testcase name="doCreateLead" time="19.392" classname="testCases.CLeadTC_001"/>
</testsuite> <!-- testCases.CLeadTC_001 -->
