<?xml version="1.0" encoding="UTF-8"?>
<!-- Generated by org.testng.reporters.JUnitReportReporter -->
<testsuite skipped="0" hostname="Sethu-PC" name="testCases.TC002_LoginFailure" tests="1" failures="0" timestamp="27 Feb 2018 01:07:38 GMT" time="10.318" errors="0">
  <testcase name="loginFailure" time="10.318" classname="testCases.TC002_LoginFailure"/>
</testsuite> <!-- testCases.TC002_LoginFailure -->
